<?xml version="1.0" encoding="UTF-8"?>
<!-- Generated by org.testng.reporters.JUnitReportReporter -->
<testsuite hostname="DESKTOP-EG1V1JT" failures="0" tests="1" name="excelutils.ExcelUtils" time="0.019" errors="0" timestamp="20 May 2021 08:14:06 GMT" skipped="0">
  <testcase classname="excelutils.ExcelUtils" name="myTest" time="0.019"/>
</testsuite> <!-- excelutils.ExcelUtils -->
