<?xml version="1.0" encoding="UTF-8"?>
<!-- Generated by org.testng.reporters.JUnitReportReporter -->
<testsuite hostname="DESKTOP-EG1V1JT" failures="0" tests="1" name="tests.Instantiate" time="3.470" errors="0" timestamp="20 May 2021 06:20:32 GMT" skipped="0">
  <testcase classname="tests.Instantiate" name="formFilling" time="3.470"/>
</testsuite> <!-- tests.Instantiate -->
