<?xml version="1.0" encoding="UTF-8"?>
<!-- Generated by org.testng.reporters.JUnitReportReporter -->
<testsuite hostname="DESKTOP-EG1V1JT" failures="0" tests="1" name="tests.OpenBrowserFillForm" time="16.285" errors="0" timestamp="20 May 2021 11:13:58 GMT" skipped="0">
  <testcase classname="tests.OpenBrowserFillForm" name="formFilling" time="16.285"/>
</testsuite> <!-- tests.OpenBrowserFillForm -->
